<?xml version="1.0" encoding="UTF-8"?>
<testng-results ignored="0" total="2" passed="2" failed="0" skipped="0">
  <reporter-output>
  </reporter-output>
  <suite started-at="2024-04-04T13:54:25Z" name="Suite" finished-at="2024-04-04T13:54:29Z" duration-ms="4663">
    <groups>
    </groups>
    <test started-at="2024-04-04T13:54:25Z" name="Test" finished-at="2024-04-04T13:54:29Z" duration-ms="4663">
      <class name="testcase.LoginTest">
        <test-method is-config="true" signature="SetUp()[pri:0, instance:testcase.LoginTest@49c66ade]" started-at="2024-04-04T19:24:09Z" name="SetUp" finished-at="2024-04-04T19:24:25Z" duration-ms="15140" status="PASS">
          <reporter-output>
          </reporter-output>
        </test-method> <!-- SetUp -->
        <test-method signature="LoginwithValidPassword()[pri:0, instance:testcase.LoginTest@49c66ade]" started-at="2024-04-04T19:24:25Z" name="LoginwithValidPassword" finished-at="2024-04-04T19:24:26Z" duration-ms="1556" status="PASS">
          <reporter-output>
          </reporter-output>
        </test-method> <!-- LoginwithValidPassword -->
        <test-method is-config="true" signature="TearDown()[pri:0, instance:testcase.LoginTest@49c66ade]" started-at="2024-04-04T19:24:29Z" name="TearDown" finished-at="2024-04-04T19:24:30Z" duration-ms="458" status="PASS">
          <reporter-output>
          </reporter-output>
        </test-method> <!-- TearDown -->
      </class> <!-- testcase.LoginTest -->
      <class name="testcase.HomeTest">
        <test-method signature="LogoutfromPage()[pri:0, instance:testcase.HomeTest@6239aba6]" started-at="2024-04-04T19:24:26Z" name="LogoutfromPage" finished-at="2024-04-04T19:24:29Z" duration-ms="3074" status="PASS">
          <reporter-output>
          </reporter-output>
        </test-method> <!-- LogoutfromPage -->
      </class> <!-- testcase.HomeTest -->
    </test> <!-- Test -->
  </suite> <!-- Suite -->
</testng-results>
